<?xml version="1.0" encoding="UTF-8"?><testrun name="TestRunner" project="CompareRetailFunds" tests="4" started="4" failures="0" errors="2" ignored="0">
  <testsuite name="runner.TestRunner" time="17.172">
    <testsuite name="Feature: Compare Retail Funds" time="17.172">
      <testsuite name="Scenario: Select fund from each Add Funds button click and be able to Compare Retail Funds" time="17.172" incomplete="true">
        <error>org.openqa.selenium.TimeoutException: Expected condition failed: waiting for element to be clickable: [[ChromeDriver: chrome on XP (ffb0eeb5dc23ccab8144e305a2cfae92)] -&gt; id: addFund] (tried for 5 second(s) with 500 milliseconds interval)
Build info: version: '3.141.59', revision: 'e82be7d358', time: '2018-11-14T08:17:03'
System info: host: 'PARTHDEVPC', ip: '10.0.0.123', os.name: 'Windows 10', os.arch: 'amd64', os.version: '10.0', java.version: '1.8.0_181'
Driver info: org.openqa.selenium.chrome.ChromeDriver
Capabilities {acceptInsecureCerts: false, acceptSslCerts: false, applicationCacheEnabled: false, browserConnectionEnabled: false, browserName: chrome, chrome: {chromedriverVersion: 2.45.615291 (ec3682e3c9061c..., userDataDir: C:\Users\parth\AppData\Loca...}, cssSelectorsEnabled: true, databaseEnabled: false, goog:chromeOptions: {debuggerAddress: localhost:18556}, handlesAlerts: true, hasTouchScreen: false, javascriptEnabled: true, locationContextEnabled: true, mobileEmulationEnabled: false, nativeEvents: true, networkConnectionEnabled: false, pageLoadStrategy: normal, platform: XP, platformName: XP, proxy: Proxy(), rotatable: false, setWindowRect: true, strictFileInteractability: false, takesHeapSnapshot: true, takesScreenshot: true, timeouts: {implicit: 0, pageLoad: 300000, script: 30000}, unexpectedAlertBehaviour: ignore, unhandledPromptBehavior: ignore, version: 71.0.3578.98, webStorageEnabled: true}
Session ID: ffb0eeb5dc23ccab8144e305a2cfae92&#13;
	at org.openqa.selenium.support.ui.WebDriverWait.timeoutException(WebDriverWait.java:95)&#13;
	at org.openqa.selenium.support.ui.FluentWait.until(FluentWait.java:272)&#13;
	at pages.FundsCompare.addFundButtonClick(FundsCompare.java:114)&#13;
	at steps.CompareRetailFundsSteps.i_should_to_be_able_to_compare_4_Retail_funds_by_clicing_all_add_funds_buttons(CompareRetailFundsSteps.java:58)&#13;
	at ✽.Then I should to be able to compare 4 Retail funds by clicking all Add Funds buttons(CompareRetailFunds.feature:18)&#13;
&#13;
</error>
        <testcase name="Given I am a Vanguard User and on HomePage" classname="Scenario: Select fund from each Add Funds button click and be able to Compare Retail Funds" time="1.631"/>
        <testcase name="When I Navigate to Individual &amp; SMSF Investors" classname="Scenario: Select fund from each Add Funds button click and be able to Compare Retail Funds" time="2.419"/>
        <testcase name="And Click on Fund Compare" classname="Scenario: Select fund from each Add Funds button click and be able to Compare Retail Funds" time="13.119"/>
        <testcase name="Then I should to be able to compare 4 Retail funds by clicking all Add Funds buttons" classname="Scenario: Select fund from each Add Funds button click and be able to Compare Retail Funds" time="0.003">
          <error>org.openqa.selenium.TimeoutException: Expected condition failed: waiting for element to be clickable: [[ChromeDriver: chrome on XP (ffb0eeb5dc23ccab8144e305a2cfae92)] -&gt; id: addFund] (tried for 5 second(s) with 500 milliseconds interval)
Build info: version: '3.141.59', revision: 'e82be7d358', time: '2018-11-14T08:17:03'
System info: host: 'PARTHDEVPC', ip: '10.0.0.123', os.name: 'Windows 10', os.arch: 'amd64', os.version: '10.0', java.version: '1.8.0_181'
Driver info: org.openqa.selenium.chrome.ChromeDriver
Capabilities {acceptInsecureCerts: false, acceptSslCerts: false, applicationCacheEnabled: false, browserConnectionEnabled: false, browserName: chrome, chrome: {chromedriverVersion: 2.45.615291 (ec3682e3c9061c..., userDataDir: C:\Users\parth\AppData\Loca...}, cssSelectorsEnabled: true, databaseEnabled: false, goog:chromeOptions: {debuggerAddress: localhost:18556}, handlesAlerts: true, hasTouchScreen: false, javascriptEnabled: true, locationContextEnabled: true, mobileEmulationEnabled: false, nativeEvents: true, networkConnectionEnabled: false, pageLoadStrategy: normal, platform: XP, platformName: XP, proxy: Proxy(), rotatable: false, setWindowRect: true, strictFileInteractability: false, takesHeapSnapshot: true, takesScreenshot: true, timeouts: {implicit: 0, pageLoad: 300000, script: 30000}, unexpectedAlertBehaviour: ignore, unhandledPromptBehavior: ignore, version: 71.0.3578.98, webStorageEnabled: true}
Session ID: ffb0eeb5dc23ccab8144e305a2cfae92&#13;
	at org.openqa.selenium.support.ui.WebDriverWait.timeoutException(WebDriverWait.java:95)&#13;
	at org.openqa.selenium.support.ui.FluentWait.until(FluentWait.java:272)&#13;
	at pages.FundsCompare.addFundButtonClick(FundsCompare.java:114)&#13;
	at steps.CompareRetailFundsSteps.i_should_to_be_able_to_compare_4_Retail_funds_by_clicing_all_add_funds_buttons(CompareRetailFundsSteps.java:58)&#13;
	at ✽.Then I should to be able to compare 4 Retail funds by clicking all Add Funds buttons(CompareRetailFunds.feature:18)&#13;
&#13;
</error>
        </testcase>
      </testsuite>
    </testsuite>
  </testsuite>
</testrun>
